<?xml version="1.0" encoding="UTF-8"?>
<!-- Generated by org.testng.reporters.JUnitReportReporter -->
<testsuite hostname="IVL-WS131" failures="0" tests="1" name="TestNGRunners.searchTest" time="10.980" errors="0" timestamp="15 Dec 2021 07:02:02 GMT">
  <testcase classname="TestNGRunners.searchTest" name="runScenario" time="10.980"/>
</testsuite> <!-- TestNGRunners.searchTest -->
