<?xml version="1.0" encoding="UTF-8"?>
<!-- Generated by org.testng.reporters.JUnitReportReporter -->
<testsuite hostname="IVL-WS131" failures="0" tests="5" name="TestNGRunners.loginTests" time="46.042" errors="0" timestamp="15 Dec 2021 07:02:02 GMT">
  <testcase classname="TestNGRunners.loginTests" name="runScenario" time="8.882"/>
  <testcase classname="TestNGRunners.loginTests" name="runScenario" time="9.286"/>
  <testcase classname="TestNGRunners.loginTests" name="runScenario" time="9.624"/>
  <testcase classname="TestNGRunners.loginTests" name="runScenario" time="7.464"/>
  <testcase classname="TestNGRunners.loginTests" name="runScenario" time="10.786"/>
</testsuite> <!-- TestNGRunners.loginTests -->
