<?xml version="1.0" encoding="UTF-8"?>
<!-- Generated by org.testng.reporters.JUnitReportReporter -->
<testsuite hostname="IVL-WS131" failures="0" tests="4" name="TestNGRunners.cartTest" time="57.775" errors="0" timestamp="15 Dec 2021 07:02:02 GMT">
  <testcase classname="TestNGRunners.cartTest" name="runScenario" time="6.873"/>
  <testcase classname="TestNGRunners.cartTest" name="runScenario" time="22.584"/>
  <testcase classname="TestNGRunners.cartTest" name="runScenario" time="18.710"/>
  <testcase classname="TestNGRunners.cartTest" name="runScenario" time="9.608"/>
</testsuite> <!-- TestNGRunners.cartTest -->
