<?xml version="1.0" encoding="UTF-8"?>
<!-- Generated by org.testng.reporters.JUnitReportReporter -->
<testsuite hostname="IVL-WS131" failures="0" tests="1" name="automation.loginAutomation" time="1.437" errors="0" timestamp="2021-12-07T11:34:27 IST" skipped="0">
  <testcase classname="automation.loginAutomation" name="checkUrl" time="1.437"/>
  <system-out/>
</testsuite> <!-- automation.loginAutomation -->
