<?xml version="1.0" encoding="UTF-8"?>
<!-- Generated by org.testng.reporters.JUnitReportReporter -->
<testsuite hostname="IVL-WS131" failures="0" tests="1" name="TestNGRunners.searchTest" time="5.664" errors="0" timestamp="2021-12-09T12:40:42 IST" skipped="0">
  <testcase classname="TestNGRunners.searchTest" name="runScenario" time="5.664"/>
  <system-out/>
</testsuite> <!-- TestNGRunners.searchTest -->
